Arguments: 
  /home/juloko/.config/versions/node/v14.17.0/bin/node /usr/share/yarn/bin/yarn.js

PATH: 
  /home/juloko/.config/versions/node/v14.17.0/bin:/usr/local/bin:/usr/bin:/bin:/usr/local/games:/usr/games:/sbin:/usr/sbin:/snap/bin:/home/juloko/.fzf/bin

Yarn version: 
  1.22.5

Node version: 
  14.17.0

Platform: 
  linux x64

Trace: 
  Error: https://registry.yarnpkg.com/@brother.bet%2feslint-config: Not found
      at Request.params.callback [as _callback] (/usr/share/yarn/lib/cli.js:66988:18)
      at Request.self.callback (/usr/share/yarn/lib/cli.js:140749:22)
      at Request.emit (events.js:376:20)
      at Request.<anonymous> (/usr/share/yarn/lib/cli.js:141721:10)
      at Request.emit (events.js:376:20)
      at IncomingMessage.<anonymous> (/usr/share/yarn/lib/cli.js:141643:12)
      at Object.onceWrapper (events.js:482:28)
      at IncomingMessage.emit (events.js:388:22)
      at endReadableNT (internal/streams/readable.js:1336:12)
      at processTicksAndRejections (internal/process/task_queues.js:82:21)

npm manifest: 
  {
    "name": "ocell",
    "version": "2.0.0",
    "repository": "https://github.com/brother-bet/ocell.git",
    "author": "Julio Lima",
    "workspaces": {
      "packages": [
        "packages/*",
        "packages/shared/*"
      ]
    },
    "devDependencies": {
      "@brother.bet/eslint-config": "*",
      "@types/node": "^14.14.20",
      "@types/react": "^17.0.0",
      "nodemon": "^2.0.4",
      "typescript": "^4.1.3"
    },
    "private": true
  }

yarn manifest: 
  No manifest

Lockfile: 
  No lockfile
